
> CryptoTrivia@1.0.0 start /Users/akhilkaparthi/Documents/WorkSpace/CryptoTrivia
> cross-env NODE_ENV=production node server/index.js


 WARN  mode option is deprecated. You can safely remove it from nuxt.config


 READY  Server listening on http://0.0.0.0:8080


> CryptoTrivia@1.0.0 start /Users/akhilkaparthi/Documents/WorkSpace/CryptoTrivia
> cross-env NODE_ENV=production node server/index.js


 WARN  mode option is deprecated. You can safely remove it from nuxt.config


 READY  Server listening on http://0.0.0.0:8080

events.js:292
      throw er; // Unhandled 'error' event
      ^

Error: listen EADDRINUSE: address already in use 0.0.0.0:8080
    at Server.setupListenHandle [as _listen2] (net.js:1313:16)
    at listenInCluster (net.js:1361:12)
    at doListen (net.js:1498:7)
    at processTicksAndRejections (internal/process/task_queues.js:85:21)
Emitted 'error' event on Server instance at:
    at emitErrorNT (net.js:1340:8)
    at processTicksAndRejections (internal/process/task_queues.js:84:21) {
  code: 'EADDRINUSE',
  errno: 'EADDRINUSE',
  syscall: 'listen',
  address: '0.0.0.0',
  port: 8080
}
npm ERR! code ELIFECYCLE
npm ERR! errno 1
npm ERR! CryptoTrivia@1.0.0 start: `cross-env NODE_ENV=production node server/index.js`
npm ERR! Exit status 1
npm ERR! 
npm ERR! Failed at the CryptoTrivia@1.0.0 start script.
npm ERR! This is probably not a problem with npm. There is likely additional logging output above.

npm ERR! A complete log of this run can be found in:
npm ERR!     /Users/akhilkaparthi/.npm/_logs/2020-11-02T16_58_58_485Z-debug.log

> CryptoTrivia@1.0.0 dev /Users/akhilkaparthi/Documents/WorkSpace/CryptoTrivia
> cross-env NODE_ENV=development nodemon server/index.js --watch server

[33m[nodemon] 1.19.4[39m
[33m[nodemon] to restart at any time, enter `rs`[39m
[33m[nodemon] watching dir(s): server/**/*[39m
[33m[nodemon] watching extensions: js,mjs,json[39m
[32m[nodemon] starting `node server/index.js`[39m

 WARN  mode option is deprecated. You can safely remove it from nuxt.config

ℹ Preparing project for development
ℹ Initial build may take a while
✔ Builder initialized
✔ Nuxt files generated
ℹ Compiling Client
ℹ Compiling Server

> CryptoTrivia@1.0.0 dev /Users/akhilkaparthi/Documents/WorkSpace/CryptoTrivia
> cross-env NODE_ENV=development nodemon server/index.js --watch server

[33m[nodemon] 1.19.4[39m
[33m[nodemon] to restart at any time, enter `rs`[39m
[33m[nodemon] watching dir(s): server/**/*[39m
[33m[nodemon] watching extensions: js,mjs,json[39m
[32m[nodemon] starting `node server/index.js`[39m

 WARN  mode option is deprecated. You can safely remove it from nuxt.config

ℹ Preparing project for development
ℹ Initial build may take a while
✔ Builder initialized
✔ Nuxt files generated
ℹ Compiling Client
ℹ Compiling Server
✔ Server: Compiled successfully in 3.68s
✔ Client: Compiled successfully in 4.72s
ℹ Waiting for file changes

 READY  Server listening on http://0.0.0.0:8080

events.js:292
      throw er; // Unhandled 'error' event
      ^

Error: listen EADDRINUSE: address already in use 0.0.0.0:8080
    at Server.setupListenHandle [as _listen2] (net.js:1313:16)
    at listenInCluster (net.js:1361:12)
    at doListen (net.js:1498:7)
    at processTicksAndRejections (internal/process/task_queues.js:85:21)
Emitted 'error' event on Server instance at:
    at emitErrorNT (net.js:1340:8)
    at processTicksAndRejections (internal/process/task_queues.js:84:21) {
  code: 'EADDRINUSE',
  errno: 'EADDRINUSE',
  syscall: 'listen',
  address: '0.0.0.0',
  port: 8080
}
[31m[nodemon] app crashed - waiting for file changes before starting...[39m

 ERROR  Renderer resources are not loaded! Please check possible console errors and ensure dist (/Users/akhilkaparthi/Documents/WorkSpace/CryptoTrivia/.nuxt/dist/server) exists.

  at VueRenderer.renderRoute (node_modules/@nuxt/vue-renderer/dist/vue-renderer.js:4400:17)
  at VueRenderer.renderRoute (node_modules/@nuxt/vue-renderer/dist/vue-renderer.js:4388:21)
  at async nuxtMiddleware (node_modules/@nuxt/server/dist/server.js:155:20)


 WARN  mode option is deprecated. You can safely remove it from nuxt.config

ℹ Preparing project for development
ℹ Initial build may take a while
✔ Builder initialized
✔ Nuxt files generated
ℹ Compiling Client
ℹ Compiling Server
✔ Server: Compiled successfully in 3.65s
✔ Client: Compiled successfully in 4.86s
ℹ Waiting for file changes

 READY  Server listening on http://localhost:3000

[Vue warn]: Property or method "show" is not defined on the instance but referenced during render. Make sure that this property is reactive, either in the data option, or for class-based components, by initializing the property. See: https://vuejs.org/v2/guide/reactivity.html#Declaring-Reactive-Properties.

found in

---> <Pages/index.vue> at pages/index.vue
       <Nuxt>
         <Layouts/default.vue> at layouts/default.vue
           <Root>

 ERROR  Renderer resources are not loaded! Please check possible console errors and ensure dist (/Users/akhilkaparthi/Documents/WorkSpace/CryptoTrivia/.nuxt/dist/server) exists.

  at VueRenderer.renderRoute (node_modules/@nuxt/vue-renderer/dist/vue-renderer.js:4400:17)
  at VueRenderer.renderRoute (node_modules/@nuxt/vue-renderer/dist/vue-renderer.js:4388:21)
  at async nuxtMiddleware (node_modules/@nuxt/server/dist/server.js:155:20)


 WARN  mode option is deprecated. You can safely remove it from nuxt.config

ℹ Preparing project for development
ℹ Initial build may take a while
✔ Builder initialized
✔ Nuxt files generated
ℹ Compiling Server
ℹ Compiling Client
ℹ Compiling Client
ℹ Compiling Server
✔ Server: Compiled successfully in 470.05ms
✔ Client: Compiled successfully in 637.25ms

 ERROR  Renderer resources are not loaded! Please check possible console errors and ensure dist (/Users/akhilkaparthi/Documents/WorkSpace/CryptoTrivia/.nuxt/dist/server) exists.

  at VueRenderer.renderRoute (node_modules/@nuxt/vue-renderer/dist/vue-renderer.js:4400:17)
  at VueRenderer.renderRoute (node_modules/@nuxt/vue-renderer/dist/vue-renderer.js:4388:21)
  at async nuxtMiddleware (node_modules/@nuxt/server/dist/server.js:155:20)

✔ Server: Compiled successfully in 3.86s
✔ Client: Compiled successfully in 4.86s
ℹ Waiting for file changes

 READY  Server listening on http://localhost:8080


 ERROR  Renderer resources are not loaded! Please check possible console errors and ensure dist (/Users/akhilkaparthi/Documents/WorkSpace/CryptoTrivia/.nuxt/dist/server) exists.

  at VueRenderer.renderRoute (node_modules/@nuxt/vue-renderer/dist/vue-renderer.js:4400:17)
  at VueRenderer.renderRoute (node_modules/@nuxt/vue-renderer/dist/vue-renderer.js:4388:21)
  at async nuxtMiddleware (node_modules/@nuxt/server/dist/server.js:155:20)


 WARN  mode option is deprecated. You can safely remove it from nuxt.config

ℹ Preparing project for development
ℹ Initial build may take a while
✔ Builder initialized
✔ Nuxt files generated
ℹ Compiling Client
ℹ Compiling Server
ℹ Compiling Server
ℹ Compiling Server
ℹ Compiling Client
ℹ Compiling Client
✔ Server: Compiled successfully in 349.06ms
✔ Server: Compiled successfully in 469.33ms
✔ Client: Compiled successfully in 476.46ms
✔ Client: Compiled successfully in 611.89ms
✔ Server: Compiled successfully in 3.75s
✔ Client: Compiled successfully in 4.98s
ℹ Waiting for file changes

 READY  Server listening on http://localhost:8080

events.js:292
      throw er; // Unhandled 'error' event
      ^

Error: listen EADDRINUSE: address already in use 127.0.0.1:8080
    at Server.setupListenHandle [as _listen2] (net.js:1313:16)
    at listenInCluster (net.js:1361:12)
    at GetAddrInfoReqWrap.doListen [as callback] (net.js:1498:7)
    at GetAddrInfoReqWrap.onlookup [as oncomplete] (dns.js:68:8)
Emitted 'error' event on Server instance at:
    at emitErrorNT (net.js:1340:8)
    at processTicksAndRejections (internal/process/task_queues.js:84:21) {
  code: 'EADDRINUSE',
  errno: 'EADDRINUSE',
  syscall: 'listen',
  address: '127.0.0.1',
  port: 8080
}
[Vue warn]: Property or method "show" is not defined on the instance but referenced during render. Make sure that this property is reactive, either in the data option, or for class-based components, by initializing the property. See: https://vuejs.org/v2/guide/reactivity.html#Declaring-Reactive-Properties.

found in

---> <Pages/index.vue> at pages/index.vue
       <Nuxt>
         <Layouts/default.vue> at layouts/default.vue
           <Root>

 WARN  mode option is deprecated. You can safely remove it from nuxt.config

ℹ Preparing project for development
ℹ Initial build may take a while
✔ Builder initialized
✔ Nuxt files generated
ℹ Compiling Client
ℹ Compiling Server
ℹ Compiling Server
ℹ Compiling Server
ℹ Compiling Client
ℹ Compiling Client
✔ Server: Compiled successfully in 349.82ms
✔ Client: Compiled successfully in 496.27ms
✔ Server: Compiled successfully in 584.31ms
✔ Client: Compiled successfully in 684.07ms
✔ Server: Compiled successfully in 3.69s
✔ Client: Compiled successfully in 4.66s
ℹ Waiting for file changes

 READY  Server listening on http://localhost:8080

events.js:292
      throw er; // Unhandled 'error' event
      ^

Error: listen EADDRINUSE: address already in use 127.0.0.1:8080
    at Server.setupListenHandle [as _listen2] (net.js:1313:16)
    at listenInCluster (net.js:1361:12)
    at GetAddrInfoReqWrap.doListen [as callback] (net.js:1498:7)
    at GetAddrInfoReqWrap.onlookup [as oncomplete] (dns.js:68:8)
Emitted 'error' event on Server instance at:
    at emitErrorNT (net.js:1340:8)
    at processTicksAndRejections (internal/process/task_queues.js:84:21) {
  code: 'EADDRINUSE',
  errno: 'EADDRINUSE',
  syscall: 'listen',
  address: '127.0.0.1',
  port: 8080
}
[Vue warn]: Property or method "show" is not defined on the instance but referenced during render. Make sure that this property is reactive, either in the data option, or for class-based components, by initializing the property. See: https://vuejs.org/v2/guide/reactivity.html#Declaring-Reactive-Properties.

found in

---> <Pages/index.vue> at pages/index.vue
       <Nuxt>
         <Layouts/default.vue> at layouts/default.vue
           <Root>
[Vue warn]: Property or method "show" is not defined on the instance but referenced during render. Make sure that this property is reactive, either in the data option, or for class-based components, by initializing the property. See: https://vuejs.org/v2/guide/reactivity.html#Declaring-Reactive-Properties.

found in

---> <Pages/index.vue> at pages/index.vue
       <Nuxt>
         <Layouts/default.vue> at layouts/default.vue
           <Root>

 WARN  mode option is deprecated. You can safely remove it from nuxt.config

ℹ Preparing project for development
ℹ Initial build may take a while
✔ Builder initialized
✔ Nuxt files generated
ℹ Compiling Server
ℹ Compiling Server
ℹ Compiling Client
ℹ Compiling Client
ℹ Compiling Client
ℹ Compiling Server
✔ Server: Compiled successfully in 486.14ms
✔ Server: Compiled successfully in 542.07ms
✔ Client: Compiled successfully in 581.98ms
✔ Client: Compiled successfully in 790.10ms
✔ Server: Compiled successfully in 3.68s
✔ Client: Compiled successfully in 4.67s
ℹ Waiting for file changes

 READY  Server listening on http://localhost:8080

events.js:292
      throw er; // Unhandled 'error' event
      ^

Error: listen EADDRINUSE: address already in use 127.0.0.1:8080
    at Server.setupListenHandle [as _listen2] (net.js:1313:16)
    at listenInCluster (net.js:1361:12)
    at GetAddrInfoReqWrap.doListen [as callback] (net.js:1498:7)
    at GetAddrInfoReqWrap.onlookup [as oncomplete] (dns.js:68:8)
Emitted 'error' event on Server instance at:
    at emitErrorNT (net.js:1340:8)
    at processTicksAndRejections (internal/process/task_queues.js:84:21) {
  code: 'EADDRINUSE',
  errno: 'EADDRINUSE',
  syscall: 'listen',
  address: '127.0.0.1',
  port: 8080
}

 WARN  mode option is deprecated. You can safely remove it from nuxt.config

ℹ Preparing project for development
ℹ Initial build may take a while
✔ Builder initialized
✔ Nuxt files generated
ℹ Compiling Client
ℹ Compiling Server
ℹ Compiling Server
ℹ Compiling Server
ℹ Compiling Client
ℹ Compiling Client
✔ Server: Compiled successfully in 302.20ms
✔ Client: Compiled successfully in 402.29ms
✔ Server: Compiled successfully in 510.65ms
✔ Client: Compiled successfully in 701.84ms
[Vue warn]: Property or method "show" is not defined on the instance but referenced during render. Make sure that this property is reactive, either in the data option, or for class-based components, by initializing the property. See: https://vuejs.org/v2/guide/reactivity.html#Declaring-Reactive-Properties.

found in

---> <Pages/index.vue> at pages/index.vue
       <Nuxt>
         <Layouts/default.vue> at layouts/default.vue
           <Root>
✔ Server: Compiled successfully in 3.97s
✔ Client: Compiled successfully in 4.98s
ℹ Waiting for file changes

 READY  Server listening on http://0.0.0.0:8080

events.js:292
      throw er; // Unhandled 'error' event
      ^

Error: listen EADDRINUSE: address already in use 0.0.0.0:8080
    at Server.setupListenHandle [as _listen2] (net.js:1313:16)
    at listenInCluster (net.js:1361:12)
    at doListen (net.js:1498:7)
    at processTicksAndRejections (internal/process/task_queues.js:85:21)
Emitted 'error' event on Server instance at:
    at emitErrorNT (net.js:1340:8)
    at processTicksAndRejections (internal/process/task_queues.js:84:21) {
  code: 'EADDRINUSE',
  errno: 'EADDRINUSE',
  syscall: 'listen',
  address: '0.0.0.0',
  port: 8080
}
nohup: NODE_ENV=production: No such file or directory
[Vue warn]: Property or method "show" is not defined on the instance but referenced during render. Make sure that this property is reactive, either in the data option, or for class-based components, by initializing the property. See: https://vuejs.org/v2/guide/reactivity.html#Declaring-Reactive-Properties.

found in

---> <Pages/index.vue> at pages/index.vue
       <Nuxt>
         <Layouts/default.vue> at layouts/default.vue
           <Root>
npm ERR! code ELIFECYCLE
npm ERR! errno 1
npm ERR! CryptoTrivia@1.0.0 start: `cross-env NODE_ENV=production node server/index.js`
npm ERR! Exit status 1
npm ERR! 
npm ERR! Failed at the CryptoTrivia@1.0.0 start script.
npm ERR! This is probably not a problem with npm. There is likely additional logging output above.

npm ERR! A complete log of this run can be found in:
npm ERR!     /Users/akhilkaparthi/.npm/_logs/2020-11-02T17_21_20_874Z-debug.log
nohup: NODE_ENV=production: No such file or directory
nohup: NODE_ENV=production: No such file or directory

 WARN  mode option is deprecated. You can safely remove it from nuxt.config

ℹ Preparing project for development
ℹ Initial build may take a while
✔ Builder initialized
✔ Nuxt files generated
ℹ Compiling Client
ℹ Compiling Server
✔ Server: Compiled successfully in 3.53s
✔ Client: Compiled successfully in 4.60s
ℹ Waiting for file changes

 READY  Server listening on http://0.0.0.0:8080


 WARN  mode option is deprecated. You can safely remove it from nuxt.config

ℹ Preparing project for development
ℹ Initial build may take a while
✔ Builder initialized
✔ Nuxt files generated
ℹ Compiling Client
ℹ Compiling Server
ℹ Compiling Server
ℹ Compiling Client
✔ Server: Compiled successfully in 270.03ms
✔ Client: Compiled successfully in 390.69ms
[Vue warn]: Property or method "show" is not defined on the instance but referenced during render. Make sure that this property is reactive, either in the data option, or for class-based components, by initializing the property. See: https://vuejs.org/v2/guide/reactivity.html#Declaring-Reactive-Properties.

found in

---> <Pages/index.vue> at pages/index.vue
       <Nuxt>
         <Layouts/default.vue> at layouts/default.vue
           <Root>
✔ Server: Compiled successfully in 4.30s
✔ Client: Compiled successfully in 5.33s
ℹ Waiting for file changes

 READY  Server listening on http://localhost:8080

[Vue warn]: Property or method "show" is not defined on the instance but referenced during render. Make sure that this property is reactive, either in the data option, or for class-based components, by initializing the property. See: https://vuejs.org/v2/guide/reactivity.html#Declaring-Reactive-Properties.

found in

---> <Pages/index.vue> at pages/index.vue
       <Nuxt>
         <Layouts/default.vue> at layouts/default.vue
           <Root>
[Vue warn]: Property or method "show" is not defined on the instance but referenced during render. Make sure that this property is reactive, either in the data option, or for class-based components, by initializing the property. See: https://vuejs.org/v2/guide/reactivity.html#Declaring-Reactive-Properties.

found in

---> <Pages/index.vue> at pages/index.vue
       <Nuxt>
         <Layouts/default.vue> at layouts/default.vue
           <Root>

 WARN  mode option is deprecated. You can safely remove it from nuxt.config

ℹ Preparing project for development
ℹ Initial build may take a while
✔ Builder initialized
✔ Nuxt files generated
ℹ Compiling Server
ℹ Compiling Server
ℹ Compiling Client
ℹ Compiling Client
ℹ Compiling Client
ℹ Compiling Server
[Vue warn]: Property or method "show" is not defined on the instance but referenced during render. Make sure that this property is reactive, either in the data option, or for class-based components, by initializing the property. See: https://vuejs.org/v2/guide/reactivity.html#Declaring-Reactive-Properties.

found in

---> <Pages/index.vue> at pages/index.vue
       <Nuxt>
         <Layouts/default.vue> at layouts/default.vue
           <Root>
✔ Server: Compiled successfully in 1.02s
✔ Server: Compiled successfully in 1.02s
✔ Client: Compiled successfully in 1.22s
✔ Client: Compiled successfully in 1.26s
✔ Server: Compiled successfully in 4.25s
✔ Client: Compiled successfully in 5.35s
ℹ Waiting for file changes

 READY  Server listening on http://localhost:8080

events.js:292
      throw er; // Unhandled 'error' event
      ^

Error: listen EADDRINUSE: address already in use 127.0.0.1:8080
    at Server.setupListenHandle [as _listen2] (net.js:1313:16)
    at listenInCluster (net.js:1361:12)
    at GetAddrInfoReqWrap.doListen [as callback] (net.js:1498:7)
    at GetAddrInfoReqWrap.onlookup [as oncomplete] (dns.js:68:8)
Emitted 'error' event on Server instance at:
    at emitErrorNT (net.js:1340:8)
    at processTicksAndRejections (internal/process/task_queues.js:84:21) {
  code: 'EADDRINUSE',
  errno: 'EADDRINUSE',
  syscall: 'listen',
  address: '127.0.0.1',
  port: 8080
}

 WARN  mode option is deprecated. You can safely remove it from nuxt.config

ℹ Preparing project for development
ℹ Initial build may take a while
✔ Builder initialized
✔ Nuxt files generated
ℹ Compiling Client
ℹ Compiling Server
✔ Server: Compiled successfully in 3.56s
✔ Client: Compiled successfully in 4.59s
ℹ Waiting for file changes

 READY  Server listening on http://0.0.0.0:8080

[Vue warn]: Property or method "show" is not defined on the instance but referenced during render. Make sure that this property is reactive, either in the data option, or for class-based components, by initializing the property. See: https://vuejs.org/v2/guide/reactivity.html#Declaring-Reactive-Properties.

found in

---> <Pages/index.vue> at pages/index.vue
       <Nuxt>
         <Layouts/default.vue> at layouts/default.vue
           <Root>
/Users/akhilkaparthi/Documents/WorkSpace/CryptoTrivia/server/index.js:7
const host = 0.0.0.0;
                ^^

SyntaxError: Unexpected number
    at wrapSafe (internal/modules/cjs/loader.js:1053:16)
    at Module._compile (internal/modules/cjs/loader.js:1101:27)
    at Object.Module._extensions..js (internal/modules/cjs/loader.js:1157:10)
    at Module.load (internal/modules/cjs/loader.js:985:32)
    at Function.Module._load (internal/modules/cjs/loader.js:878:14)
    at Function.executeUserEntryPoint [as runMain] (internal/modules/run_main.js:71:12)
    at internal/main/run_main_module.js:17:47
[Vue warn]: Property or method "show" is not defined on the instance but referenced during render. Make sure that this property is reactive, either in the data option, or for class-based components, by initializing the property. See: https://vuejs.org/v2/guide/reactivity.html#Declaring-Reactive-Properties.

found in

---> <Pages/index.vue> at pages/index.vue
       <Nuxt>
         <Layouts/default.vue> at layouts/default.vue
           <Root>
[Vue warn]: Property or method "show" is not defined on the instance but referenced during render. Make sure that this property is reactive, either in the data option, or for class-based components, by initializing the property. See: https://vuejs.org/v2/guide/reactivity.html#Declaring-Reactive-Properties.

found in

---> <Pages/index.vue> at pages/index.vue
       <Nuxt>
         <Layouts/default.vue> at layouts/default.vue
           <Root>
